Arguments: 
  E:\tools\work_tools\nodejs\node.exe E:\tools\work_tools\nodejs\node_modules\yarn\bin\yarn.js add commander.js

PATH: 
  E:\tools\work_tools\cmder\vendor\bin;C:\Program Files (x86)\Common Files\Oracle\Java\javapath;C:\Windows\system32;C:\Windows;C:\Windows\System32\Wbem;C:\Windows\System32\WindowsPowerShell\v1.0\;C:\Windows\System32\OpenSSH\;E:\tools\work_tools\git\Git\cmd;E:\tools\work_tools\nvm\nvm;E:\tools\work_tools\nodejs;C:\Program Files\Java\jdk1.8.0_271\bin;C:\Program Files\Java\jre1.8.0_271\bin;E:\tools\work_tools\python\Scripts\;E:\tools\work_tools\python\;C:\Users\yang\AppData\Local\Microsoft\WindowsApps;E:\tools\work_tools\vscode\Microsoft VS Code\bin;E:\tools\work_tools\nvm\nvm;E:\tools\work_tools\nodejs;E:\tools\work_tools\vscode\Microsoft VS Code Insiders\bin;E:\tools\work_tools\git\Git\mingw64\bin;E:\tools\work_tools\git\Git\usr\bin;E:\tools\work_tools\cmder

Yarn version: 
  1.22.10

Node version: 
  12.0.0

Platform: 
  win32 x64

Trace: 
  Error: https://registry.yarnpkg.com/commander.js: Not found
      at Request.params.callback [as _callback] (E:\tools\work_tools\nvm\nvm\v12.0.0\node_modules\yarn\lib\cli.js:66988:18)
      at Request.self.callback (E:\tools\work_tools\nvm\nvm\v12.0.0\node_modules\yarn\lib\cli.js:140662:22)
      at Request.emit (events.js:196:13)
      at Request.<anonymous> (E:\tools\work_tools\nvm\nvm\v12.0.0\node_modules\yarn\lib\cli.js:141634:10)
      at Request.emit (events.js:196:13)
      at IncomingMessage.<anonymous> (E:\tools\work_tools\nvm\nvm\v12.0.0\node_modules\yarn\lib\cli.js:141556:12)
      at Object.onceWrapper (events.js:284:20)
      at IncomingMessage.emit (events.js:201:15)
      at endReadableNT (_stream_readable.js:1130:12)
      at processTicksAndRejections (internal/process/task_queues.js:83:17)

npm manifest: 
  {
    "name": "duan-vue-cli",
    "version": "1.0.1",
    "main": "index.js",
    "repository": "git@github.com:ddzy/vue2-webpack5-cli.git",
    "author": "ddzy <1766083035@qq.com>",
    "license": "MIT",
    "bin": {
      "duan-vue-cli": "./bin/duan-vue-cli.js"
    }
  }

yarn manifest: 
  No manifest

Lockfile: 
  # THIS IS AN AUTOGENERATED FILE. DO NOT EDIT THIS FILE DIRECTLY.
  # yarn lockfile v1
